<?xml version="1.0" encoding="UTF-8"?>
<testsuites name="jest tests" tests="27" failures="2" time="2.507">
  <testsuite name="Landing Page Tests" errors="0" failures="2" skipped="0" timestamp="2022-11-09T09:32:53" time="1.033" tests="3">
    <testcase classname="Landing Page Tests fetchCities() - Makes a fetch call for /cities API endpoint and returns an array with the cities data" name="Landing Page Tests fetchCities() - Makes a fetch call for /cities API endpoint and returns an array with the cities data" time="0.035">
      <failure>Error: expect(jest.fn()).not.toHaveBeenCalledWith(...expected)

Expected: not StringContaining &quot;//cities&quot;
Received:     0, [&quot;https://qtrip-dynamic-sk7.herokuapp.com//cities&quot;]

Number of calls: 1
    at Object.&lt;anonymous&gt; (D:\Crio Projects\kswapnil97-ME_QTRIPDYNAMIC\frontend\__tests__\modules\landing_page.test.js:32:23)
    at processTicksAndRejections (node:internal/process/task_queues:96:5)</failure>
    </testcase>
    <testcase classname="Landing Page Tests Catches error and returns null, if fetch call fails " name="Landing Page Tests Catches error and returns null, if fetch call fails " time="0.012">
      <failure>Error: expect(jest.fn()).not.toHaveBeenCalledWith(...expected)

Expected: not StringContaining &quot;//cities&quot;
Received:     0, [&quot;https://qtrip-dynamic-sk7.herokuapp.com//cities&quot;]

Number of calls: 1
    at Object.&lt;anonymous&gt; (D:\Crio Projects\kswapnil97-ME_QTRIPDYNAMIC\frontend\__tests__\modules\landing_page.test.js:46:23)
    at processTicksAndRejections (node:internal/process/task_queues:96:5)</failure>
    </testcase>
    <testcase classname="Landing Page Tests Adds a new City - London" name="Landing Page Tests Adds a new City - London" time="0.012">
    </testcase>
  </testsuite>
  <testsuite name="Reservation Page Tests" errors="0" failures="0" skipped="0" timestamp="2022-11-09T09:32:53" time="1.04" tests="3">
    <testcase classname="Reservation Page Tests Check if fetch call for the reservations was made and data was received" name="Reservation Page Tests Check if fetch call for the reservations was made and data was received" time="0.037">
    </testcase>
    <testcase classname="Reservation Page Tests Catches errors and returns null" name="Reservation Page Tests Catches errors and returns null" time="0.013">
    </testcase>
    <testcase classname="Reservation Page Tests Adding reservation to table" name="Reservation Page Tests Adding reservation to table" time="0.032">
    </testcase>
  </testsuite>
  <testsuite name="Adventure Detail Page Tests" errors="0" failures="0" skipped="0" timestamp="2022-11-09T09:32:53" time="1.145" tests="9">
    <testcase classname="Adventure Detail Page Tests Extract city from URL Params" name="Adventure Detail Page Tests Extract city from URL Params" time="0.047">
    </testcase>
    <testcase classname="Adventure Detail Page Tests Check if fetch call for the adventure details was made and data was received" name="Adventure Detail Page Tests Check if fetch call for the adventure details was made and data was received" time="0.017">
    </testcase>
    <testcase classname="Adventure Detail Page Tests Catches errors and returns null" name="Adventure Detail Page Tests Catches errors and returns null" time="0.021">
    </testcase>
    <testcase classname="Adventure Detail Page Tests Tries adding a Adventure Details - Park" name="Adventure Detail Page Tests Tries adding a Adventure Details - Park" time="0.017">
    </testcase>
    <testcase classname="Adventure Detail Page Tests Check if bootstrap gallery is working" name="Adventure Detail Page Tests Check if bootstrap gallery is working" time="0.022">
    </testcase>
    <testcase classname="Adventure Detail Page Tests Check if conditional rendering is working" name="Adventure Detail Page Tests Check if conditional rendering is working" time="0.011">
    </testcase>
    <testcase classname="Adventure Detail Page Tests Check if reservation cost is calculated correctly and updated in DOM" name="Adventure Detail Page Tests Check if reservation cost is calculated correctly and updated in DOM" time="0.01">
    </testcase>
    <testcase classname="Adventure Detail Page Tests Check if reservation banner is displayed" name="Adventure Detail Page Tests Check if reservation banner is displayed" time="0.008">
    </testcase>
    <testcase classname="Adventure Detail Page Tests captureFormSubmit() - Makes a POST API call with correct request body" name="Adventure Detail Page Tests captureFormSubmit() - Makes a POST API call with correct request body" time="0.021">
    </testcase>
  </testsuite>
  <testsuite name="Adventure Page Tests" errors="0" failures="0" skipped="0" timestamp="2022-11-09T09:32:53" time="1.187" tests="12">
    <testcase classname="Adventure Page Tests getCityFromURL() - Extracts city from query parameter and return it" name="Adventure Page Tests getCityFromURL() - Extracts city from query parameter and return it" time="0.049">
    </testcase>
    <testcase classname="Adventure Page Tests fetchAdventures() - Makes a fetch call for /adventures API endpoint and returns an array with the adventures data" name="Adventure Page Tests fetchAdventures() - Makes a fetch call for /adventures API endpoint and returns an array with the adventures data" time="0.026">
    </testcase>
    <testcase classname="Adventure Page Tests fetchAdventures() - Catches errors and returns null, if fetch call fails" name="Adventure Page Tests fetchAdventures() - Catches errors and returns null, if fetch call fails" time="0.016">
    </testcase>
    <testcase classname="Adventure Page Tests addAdventureToDOM() - Adds a new Adventure with id value set to &lt;a&gt; tag" name="Adventure Page Tests addAdventureToDOM() - Adds a new Adventure with id value set to &lt;a&gt; tag" time="0.016">
    </testcase>
    <testcase classname="Adventure Page Tests addAdventureToDOM() - &lt;a&gt; tag links the adventure card correctly to the corresponding Adventure details page" name="Adventure Page Tests addAdventureToDOM() - &lt;a&gt; tag links the adventure card correctly to the corresponding Adventure details page" time="0.016">
    </testcase>
    <testcase classname="Adventure Page Tests filterByDuration() - Returns an array of adventures, filtered by duration" name="Adventure Page Tests filterByDuration() - Returns an array of adventures, filtered by duration" time="0.015">
    </testcase>
    <testcase classname="Adventure Page Tests filterByCategory() - Returns an array of adventures, filtered by one category" name="Adventure Page Tests filterByCategory() - Returns an array of adventures, filtered by one category" time="0.011">
    </testcase>
    <testcase classname="Adventure Page Tests filterByCategory() - Returns an array of adventures, filtered by multiple categories" name="Adventure Page Tests filterByCategory() - Returns an array of adventures, filtered by multiple categories" time="0.008">
    </testcase>
    <testcase classname="Adventure Page Tests filterFunction() - Returns an array of adventures, filtered by both duration and categories" name="Adventure Page Tests filterFunction() - Returns an array of adventures, filtered by both duration and categories" time="0.014">
    </testcase>
    <testcase classname="Adventure Page Tests saveFiltersToLocalStorage() - Adds the updated filter as a string to localstorage" name="Adventure Page Tests saveFiltersToLocalStorage() - Adds the updated filter as a string to localstorage" time="0.014">
    </testcase>
    <testcase classname="Adventure Page Tests getFiltersFromLocalStorage() - Retrieves filters from local storage as an object" name="Adventure Page Tests getFiltersFromLocalStorage() - Retrieves filters from local storage as an object" time="0.008">
    </testcase>
    <testcase classname="Adventure Page Tests generateFilterPillsAndUpdateDOM() - Sets the category filter pills correctly" name="Adventure Page Tests generateFilterPillsAndUpdateDOM() - Sets the category filter pills correctly" time="0.011">
    </testcase>
  </testsuite>
</testsuites>